<?xml version="1.0" encoding="UTF-8"?>
<!-- Generated by org.testng.reporters.JUnitReportReporter -->
<testsuite skipped="0" hostname="Sonu-PC" name="com.w2a.testcase.LoginTest" tests="1" failures="0" timestamp="18 Jan 2020 21:39:36 GMT" time="3.160" errors="0">
  <testcase name="LoginAsBankManager" time="3.160" classname="com.w2a.testcase.LoginTest"/>
</testsuite> <!-- com.w2a.testcase.LoginTest -->
