<?xml version="1.0" encoding="UTF-8"?>
<!-- Generated by org.testng.reporters.JUnitReportReporter -->
<testsuite skipped="0" hostname="Sonu-PC" name="com.w2a.testcase.AddCustomerTest" tests="1" failures="0" timestamp="21 Jan 2020 21:26:09 GMT" time="1.149" errors="0">
  <testcase name="addCustomer" time="1.149" classname="com.w2a.testcase.AddCustomerTest"/>
</testsuite> <!-- com.w2a.testcase.AddCustomerTest -->
