<?xml version="1.0" encoding="UTF-8"?>
<!-- Generated by org.testng.reporters.JUnitReportReporter -->
<testsuite skipped="0" hostname="Sonu-PC" name="com.w2a.testcase.BankManagerLoginTest" tests="1" failures="0" timestamp="29 Feb 2020 13:56:13 GMT" time="3.178" errors="0">
  <testcase name="LoginAsBankManager" time="3.178" classname="com.w2a.testcase.BankManagerLoginTest"/>
</testsuite> <!-- com.w2a.testcase.BankManagerLoginTest -->
