<?xml version="1.0" encoding="UTF-8"?>
<!-- Generated by org.testng.reporters.JUnitReportReporter -->
<testsuite skipped="0" hostname="DESKTOP-KOKAMRD" name="com.w2a.testcase.LoginTest" tests="1" failures="0" timestamp="20 Jan 2020 04:49:23 GMT" time="3.093" errors="0">
  <testcase name="LoginAsBankManager" time="3.093" classname="com.w2a.testcase.LoginTest"/>
</testsuite> <!-- com.w2a.testcase.LoginTest -->
