<?xml version="1.0" encoding="UTF-8"?>
<!-- Generated by org.testng.reporters.JUnitReportReporter -->
<testsuite skipped="0" hostname="Sonu-PC" name="com.w2a.testcase.AddCustomerTest" tests="1" failures="0" timestamp="27 Jan 2020 20:47:42 GMT" time="4.466" errors="0">
  <testcase name="addCustomer" time="4.466" classname="com.w2a.testcase.AddCustomerTest"/>
</testsuite> <!-- com.w2a.testcase.AddCustomerTest -->
