<?xml version="1.0" encoding="UTF-8"?>
<!-- Generated by org.testng.reporters.JUnitReportReporter -->
<testsuite skipped="0" hostname="Sonu-PC" name="com.w2a.testcase.BankManagerLoginTest" tests="1" failures="0" timestamp="21 Jan 2020 21:26:09 GMT" time="3.156" errors="0">
  <testcase name="LoginAsBankManager" time="3.156" classname="com.w2a.testcase.BankManagerLoginTest"/>
</testsuite> <!-- com.w2a.testcase.BankManagerLoginTest -->
